c:\users\jerem\onedrive\escritorio\desafio-final-quark-c-\x64\debug\vc143.pdb
c:\users\jerem\onedrive\escritorio\desafio-final-quark-c-\x64\debug\vc143.idb
c:\users\jerem\onedrive\escritorio\desafio-final-quark-c-\x64\debug\tienda.obj
c:\users\jerem\onedrive\escritorio\desafio-final-quark-c-\x64\debug\main.obj
c:\users\jerem\onedrive\escritorio\desafio-final-quark-c-\x64\debug\prenda.obj
c:\users\jerem\onedrive\escritorio\desafio-final-quark-c-\x64\debug\vendedor.obj
c:\users\jerem\onedrive\escritorio\desafio-final-quark-c-\x64\debug\pantalon.obj
c:\users\jerem\onedrive\escritorio\desafio-final-quark-c-\x64\debug\pantalonnormal.obj
c:\users\jerem\onedrive\escritorio\desafio-final-quark-c-\x64\debug\chupin.obj
c:\users\jerem\onedrive\escritorio\desafio-final-quark-c-\x64\debug\mangastipo.obj
c:\users\jerem\onedrive\escritorio\desafio-final-quark-c-\x64\debug\mangaslargas.obj
c:\users\jerem\onedrive\escritorio\desafio-final-quark-c-\x64\debug\mangacorta.obj
c:\users\jerem\onedrive\escritorio\desafio-final-quark-c-\x64\debug\cuellomao.obj
c:\users\jerem\onedrive\escritorio\desafio-final-quark-c-\x64\debug\cuellocomun.obj
c:\users\jerem\onedrive\escritorio\desafio-final-quark-c-\x64\debug\camisa.obj
c:\users\jerem\onedrive\escritorio\desafio-final-quark-c-\x64\debug\cotizacion.obj
c:\users\jerem\onedrive\escritorio\desafio-final-quark-c-\x64\debug\vendedor de ropa.exe
c:\users\jerem\onedrive\escritorio\desafio-final-quark-c-\x64\debug\vendedor de ropa.ilk
c:\users\jerem\onedrive\escritorio\desafio-final-quark-c-\x64\debug\vendedor de ropa.pdb
c:\users\jerem\onedrive\escritorio\desafio-final-quark-c-\x64\debug\vendedor de ropa.tlog\cl.command.1.tlog
c:\users\jerem\onedrive\escritorio\desafio-final-quark-c-\x64\debug\vendedor de ropa.tlog\cl.read.1.tlog
c:\users\jerem\onedrive\escritorio\desafio-final-quark-c-\x64\debug\vendedor de ropa.tlog\cl.write.1.tlog
c:\users\jerem\onedrive\escritorio\desafio-final-quark-c-\x64\debug\vendedor de ropa.tlog\link.command.1.tlog
c:\users\jerem\onedrive\escritorio\desafio-final-quark-c-\x64\debug\vendedor de ropa.tlog\link.read.1.tlog
c:\users\jerem\onedrive\escritorio\desafio-final-quark-c-\x64\debug\vendedor de ropa.tlog\link.write.1.tlog
